This is pdfTeX, Version 3.14159265-2.6-1.40.20 (TeX Live 2019/Debian) (preloaded format=pdflatex 2020.12.18)  19 OCT 2021 09:16
entering extended mode
 restricted \write18 enabled.
 %&-line parsing enabled.
**SQDreport.tex
(./SQDreport.tex
LaTeX2e <2020-02-02> patch level 2
L3 programming layer <2020-02-14>
(/usr/share/texlive/texmf-dist/tex/latex/base/article.cls
Document Class: article 2019/12/20 v1.4l Standard LaTeX document class
(/usr/share/texlive/texmf-dist/tex/latex/base/size10.clo
File: size10.clo 2019/12/20 v1.4l Standard LaTeX file (size option)
)
\c@part=\count167
\c@section=\count168
\c@subsection=\count169
\c@subsubsection=\count170
\c@paragraph=\count171
\c@subparagraph=\count172
\c@figure=\count173
\c@table=\count174
\abovecaptionskip=\skip47
\belowcaptionskip=\skip48
\bibindent=\dimen134
)
(/usr/share/texlive/texmf-dist/tex/latex/base/fontenc.sty
Package: fontenc 2020/02/11 v2.0o Standard LaTeX package
)
(/usr/share/texlive/texmf-dist/tex/latex/filecontents/filecontents.sty
Package: filecontents 2019/09/20 v1.5 Create an external file from within a LaT
eX document


Package filecontents Warning: This package is obsolete. Disabling it and
(filecontents)                passing control to the filecontents environment
(filecontents)                defined by the LaTeX kernel.

) (/usr/share/texlive/texmf-dist/tex/latex/base/inputenc.sty
Package: inputenc 2018/08/11 v1.3c Input encoding file
\inpenc@prehook=\toks14
\inpenc@posthook=\toks15
)
(/usr/share/texlive/texmf-dist/tex/latex/tools/verbatim.sty
Package: verbatim 2019/11/10 v1.5r LaTeX2e package for verbatim enhancements
\every@verbatim=\toks16
\verbatim@line=\toks17
\verbatim@in@stream=\read2
)
(/usr/share/texlive/texmf-dist/tex/latex/hyperref/hyperref.sty
Package: hyperref 2020/01/14 v7.00d Hypertext links for LaTeX

(/usr/share/texlive/texmf-dist/tex/generic/ltxcmds/ltxcmds.sty
Package: ltxcmds 2019/12/15 v1.24 LaTeX kernel commands for general use (HO)
)
(/usr/share/texlive/texmf-dist/tex/generic/iftex/iftex.sty
Package: iftex 2019/11/07 v1.0c TeX engine tests
)
(/usr/share/texlive/texmf-dist/tex/latex/pdftexcmds/pdftexcmds.sty
Package: pdftexcmds 2019/11/24 v0.31 Utility functions of pdfTeX for LuaTeX (HO
)

(/usr/share/texlive/texmf-dist/tex/generic/infwarerr/infwarerr.sty
Package: infwarerr 2019/12/03 v1.5 Providing info/warning/error messages (HO)
)
Package pdftexcmds Info: \pdf@primitive is available.
Package pdftexcmds Info: \pdf@ifprimitive is available.
Package pdftexcmds Info: \pdfdraftmode found.
)
(/usr/share/texlive/texmf-dist/tex/latex/graphics/keyval.sty
Package: keyval 2014/10/28 v1.15 key=value parser (DPC)
\KV@toks@=\toks18
)
(/usr/share/texlive/texmf-dist/tex/generic/kvsetkeys/kvsetkeys.sty
Package: kvsetkeys 2019/12/15 v1.18 Key value parser (HO)
)
(/usr/share/texlive/texmf-dist/tex/generic/kvdefinekeys/kvdefinekeys.sty
Package: kvdefinekeys 2019-12-19 v1.6 Define keys (HO)
)
(/usr/share/texlive/texmf-dist/tex/generic/pdfescape/pdfescape.sty
Package: pdfescape 2019/12/09 v1.15 Implements pdfTeX's escape features (HO)
)
(/usr/share/texlive/texmf-dist/tex/latex/hycolor/hycolor.sty
Package: hycolor 2020-01-27 v1.10 Color options for hyperref/bookmark (HO)
)
(/usr/share/texlive/texmf-dist/tex/latex/letltxmacro/letltxmacro.sty
Package: letltxmacro 2019/12/03 v1.6 Let assignment for LaTeX macros (HO)
)
(/usr/share/texlive/texmf-dist/tex/latex/auxhook/auxhook.sty
Package: auxhook 2019-12-17 v1.6 Hooks for auxiliary files (HO)
)
(/usr/share/texlive/texmf-dist/tex/latex/kvoptions/kvoptions.sty
Package: kvoptions 2019/11/29 v3.13 Key value format for package options (HO)
)
\@linkdim=\dimen135
\Hy@linkcounter=\count175
\Hy@pagecounter=\count176

(/usr/share/texlive/texmf-dist/tex/latex/hyperref/pd1enc.def
File: pd1enc.def 2020/01/14 v7.00d Hyperref: PDFDocEncoding definition (HO)
Now handling font encoding PD1 ...
... no UTF-8 mapping file for font encoding PD1
)
(/usr/share/texlive/texmf-dist/tex/generic/intcalc/intcalc.sty
Package: intcalc 2019/12/15 v1.3 Expandable calculations with integers (HO)
)
(/usr/share/texlive/texmf-dist/tex/generic/etexcmds/etexcmds.sty
Package: etexcmds 2019/12/15 v1.7 Avoid name clashes with e-TeX commands (HO)
)
\Hy@SavedSpaceFactor=\count177
\pdfmajorversion=\count178
Package hyperref Info: Hyper figures OFF on input line 4547.
Package hyperref Info: Link nesting OFF on input line 4552.
Package hyperref Info: Hyper index ON on input line 4555.
Package hyperref Info: Plain pages OFF on input line 4562.
Package hyperref Info: Backreferencing OFF on input line 4567.
Package hyperref Info: Implicit mode ON; LaTeX internals redefined.
Package hyperref Info: Bookmarks ON on input line 4800.
\c@Hy@tempcnt=\count179

(/usr/share/texlive/texmf-dist/tex/latex/url/url.sty
\Urlmuskip=\muskip16
Package: url 2013/09/16  ver 3.4  Verb mode for urls, etc.
)
LaTeX Info: Redefining \url on input line 5159.
\XeTeXLinkMargin=\dimen136

(/usr/share/texlive/texmf-dist/tex/generic/bitset/bitset.sty
Package: bitset 2019/12/09 v1.3 Handle bit-vector datatype (HO)

(/usr/share/texlive/texmf-dist/tex/generic/bigintcalc/bigintcalc.sty
Package: bigintcalc 2019/12/15 v1.5 Expandable calculations on big integers (HO
)
))
\Fld@menulength=\count180
\Field@Width=\dimen137
\Fld@charsize=\dimen138
Package hyperref Info: Hyper figures OFF on input line 6430.
Package hyperref Info: Link nesting OFF on input line 6435.
Package hyperref Info: Hyper index ON on input line 6438.
Package hyperref Info: backreferencing OFF on input line 6445.
Package hyperref Info: Link coloring OFF on input line 6450.
Package hyperref Info: Link coloring with OCG OFF on input line 6455.
Package hyperref Info: PDF/A mode OFF on input line 6460.
LaTeX Info: Redefining \ref on input line 6500.
LaTeX Info: Redefining \pageref on input line 6504.

(/usr/share/texlive/texmf-dist/tex/generic/atbegshi/atbegshi.sty
Package: atbegshi 2019/12/05 v1.19 At begin shipout hook (HO)
)
\Hy@abspage=\count181
\c@Item=\count182
\c@Hfootnote=\count183
)
Package hyperref Info: Driver (autodetected): hpdftex.

(/usr/share/texlive/texmf-dist/tex/latex/hyperref/hpdftex.def
File: hpdftex.def 2020/01/14 v7.00d Hyperref driver for pdfTeX

(/usr/share/texlive/texmf-dist/tex/latex/atveryend/atveryend.sty
Package: atveryend 2019-12-11 v1.11 Hooks at the very end of document (HO)
Package atveryend Info: \enddocument detected (standard20110627).
)
\Fld@listcount=\count184
\c@bookmark@seq@number=\count185

(/usr/share/texlive/texmf-dist/tex/latex/rerunfilecheck/rerunfilecheck.sty
Package: rerunfilecheck 2019/12/05 v1.9 Rerun checks for auxiliary files (HO)

(/usr/share/texlive/texmf-dist/tex/generic/uniquecounter/uniquecounter.sty
Package: uniquecounter 2019/12/15 v1.4 Provide unlimited unique counter (HO)
)
Package uniquecounter Info: New unique counter `rerunfilecheck' on input line 2
86.
)
\Hy@SectionHShift=\skip49
)
(/usr/share/texlive/texmf-dist/tex/latex/graphics/graphicx.sty
Package: graphicx 2019/11/30 v1.2a Enhanced LaTeX Graphics (DPC,SPQR)

(/usr/share/texlive/texmf-dist/tex/latex/graphics/graphics.sty
Package: graphics 2019/11/30 v1.4a Standard LaTeX Graphics (DPC,SPQR)

(/usr/share/texlive/texmf-dist/tex/latex/graphics/trig.sty
Package: trig 2016/01/03 v1.10 sin cos tan (DPC)
)
(/usr/share/texlive/texmf-dist/tex/latex/graphics-cfg/graphics.cfg
File: graphics.cfg 2016/06/04 v1.11 sample graphics configuration
)
Package graphics Info: Driver file: pdftex.def on input line 105.

(/usr/share/texlive/texmf-dist/tex/latex/graphics-def/pdftex.def
File: pdftex.def 2018/01/08 v1.0l Graphics/color driver for pdftex
))
\Gin@req@height=\dimen139
\Gin@req@width=\dimen140
)
(/usr/share/texlive/texmf-dist/tex/latex/subfigure/subfigure.sty
Package: subfigure 2002/03/15 v2.1.5 subfigure package
\subfigtopskip=\skip50
\subfigcapskip=\skip51
\subfigcaptopadj=\dimen141
\subfigbottomskip=\skip52
\subfigcapmargin=\dimen142
\subfiglabelskip=\skip53
\c@subfigure=\count186
\c@lofdepth=\count187
\c@subtable=\count188
\c@lotdepth=\count189

****************************************
* Local config file subfigure.cfg used *
****************************************
(/usr/share/texlive/texmf-dist/tex/latex/subfigure/subfigure.cfg)
\subfig@top=\skip54
\subfig@bottom=\skip55
)
(/usr/share/texlive/texmf-dist/tex/latex/pgf/frontendlayer/tikz.sty
(/usr/share/texlive/texmf-dist/tex/latex/pgf/basiclayer/pgf.sty
(/usr/share/texlive/texmf-dist/tex/latex/pgf/utilities/pgfrcs.sty
(/usr/share/texlive/texmf-dist/tex/generic/pgf/utilities/pgfutil-common.tex
\pgfutil@everybye=\toks19
\pgfutil@tempdima=\dimen143
\pgfutil@tempdimb=\dimen144

(/usr/share/texlive/texmf-dist/tex/generic/pgf/utilities/pgfutil-common-lists.t
ex)) (/usr/share/texlive/texmf-dist/tex/generic/pgf/utilities/pgfutil-latex.def
\pgfutil@abb=\box45
(/usr/share/texlive/texmf-dist/tex/latex/ms/everyshi.sty
Package: everyshi 2001/05/15 v3.00 EveryShipout Package (MS)
))
(/usr/share/texlive/texmf-dist/tex/generic/pgf/utilities/pgfrcs.code.tex
(/usr/share/texlive/texmf-dist/tex/generic/pgf/pgf.revision.tex)
Package: pgfrcs 2020/01/08 v3.1.5b (3.1.5b)
))
Package: pgf 2020/01/08 v3.1.5b (3.1.5b)

(/usr/share/texlive/texmf-dist/tex/latex/pgf/basiclayer/pgfcore.sty
(/usr/share/texlive/texmf-dist/tex/latex/pgf/systemlayer/pgfsys.sty
(/usr/share/texlive/texmf-dist/tex/generic/pgf/systemlayer/pgfsys.code.tex
Package: pgfsys 2020/01/08 v3.1.5b (3.1.5b)

(/usr/share/texlive/texmf-dist/tex/generic/pgf/utilities/pgfkeys.code.tex
\pgfkeys@pathtoks=\toks20
\pgfkeys@temptoks=\toks21

(/usr/share/texlive/texmf-dist/tex/generic/pgf/utilities/pgfkeysfiltered.code.t
ex
\pgfkeys@tmptoks=\toks22
))
\pgf@x=\dimen145
\pgf@y=\dimen146
\pgf@xa=\dimen147
\pgf@ya=\dimen148
\pgf@xb=\dimen149
\pgf@yb=\dimen150
\pgf@xc=\dimen151
\pgf@yc=\dimen152
\pgf@xd=\dimen153
\pgf@yd=\dimen154
\w@pgf@writea=\write3
\r@pgf@reada=\read3
\c@pgf@counta=\count190
\c@pgf@countb=\count191
\c@pgf@countc=\count192
\c@pgf@countd=\count193
\t@pgf@toka=\toks23
\t@pgf@tokb=\toks24
\t@pgf@tokc=\toks25
\pgf@sys@id@count=\count194
 (/usr/share/texlive/texmf-dist/tex/generic/pgf/systemlayer/pgf.cfg
File: pgf.cfg 2020/01/08 v3.1.5b (3.1.5b)
)
Driver file for pgf: pgfsys-pdftex.def

(/usr/share/texlive/texmf-dist/tex/generic/pgf/systemlayer/pgfsys-pdftex.def
File: pgfsys-pdftex.def 2020/01/08 v3.1.5b (3.1.5b)

(/usr/share/texlive/texmf-dist/tex/generic/pgf/systemlayer/pgfsys-common-pdf.de
f
File: pgfsys-common-pdf.def 2020/01/08 v3.1.5b (3.1.5b)
)))
(/usr/share/texlive/texmf-dist/tex/generic/pgf/systemlayer/pgfsyssoftpath.code.
tex
File: pgfsyssoftpath.code.tex 2020/01/08 v3.1.5b (3.1.5b)
\pgfsyssoftpath@smallbuffer@items=\count195
\pgfsyssoftpath@bigbuffer@items=\count196
)
(/usr/share/texlive/texmf-dist/tex/generic/pgf/systemlayer/pgfsysprotocol.code.
tex
File: pgfsysprotocol.code.tex 2020/01/08 v3.1.5b (3.1.5b)
)) (/usr/share/texlive/texmf-dist/tex/latex/xcolor/xcolor.sty
Package: xcolor 2016/05/11 v2.12 LaTeX color extensions (UK)

(/usr/share/texlive/texmf-dist/tex/latex/graphics-cfg/color.cfg
File: color.cfg 2016/01/02 v1.6 sample color configuration
)
Package xcolor Info: Driver file: pdftex.def on input line 225.
Package xcolor Info: Model `cmy' substituted by `cmy0' on input line 1348.
Package xcolor Info: Model `hsb' substituted by `rgb' on input line 1352.
Package xcolor Info: Model `RGB' extended on input line 1364.
Package xcolor Info: Model `HTML' substituted by `rgb' on input line 1366.
Package xcolor Info: Model `Hsb' substituted by `hsb' on input line 1367.
Package xcolor Info: Model `tHsb' substituted by `hsb' on input line 1368.
Package xcolor Info: Model `HSB' substituted by `hsb' on input line 1369.
Package xcolor Info: Model `Gray' substituted by `gray' on input line 1370.
Package xcolor Info: Model `wave' substituted by `hsb' on input line 1371.
)
(/usr/share/texlive/texmf-dist/tex/generic/pgf/basiclayer/pgfcore.code.tex
Package: pgfcore 2020/01/08 v3.1.5b (3.1.5b)

(/usr/share/texlive/texmf-dist/tex/generic/pgf/math/pgfmath.code.tex
(/usr/share/texlive/texmf-dist/tex/generic/pgf/math/pgfmathcalc.code.tex
(/usr/share/texlive/texmf-dist/tex/generic/pgf/math/pgfmathutil.code.tex)
(/usr/share/texlive/texmf-dist/tex/generic/pgf/math/pgfmathparser.code.tex
\pgfmath@dimen=\dimen155
\pgfmath@count=\count197
\pgfmath@box=\box46
\pgfmath@toks=\toks26
\pgfmath@stack@operand=\toks27
\pgfmath@stack@operation=\toks28
)
(/usr/share/texlive/texmf-dist/tex/generic/pgf/math/pgfmathfunctions.code.tex
(/usr/share/texlive/texmf-dist/tex/generic/pgf/math/pgfmathfunctions.basic.code
.tex)
(/usr/share/texlive/texmf-dist/tex/generic/pgf/math/pgfmathfunctions.trigonomet
ric.code.tex)
(/usr/share/texlive/texmf-dist/tex/generic/pgf/math/pgfmathfunctions.random.cod
e.tex)
(/usr/share/texlive/texmf-dist/tex/generic/pgf/math/pgfmathfunctions.comparison
.code.tex)
(/usr/share/texlive/texmf-dist/tex/generic/pgf/math/pgfmathfunctions.base.code.
tex)
(/usr/share/texlive/texmf-dist/tex/generic/pgf/math/pgfmathfunctions.round.code
.tex)
(/usr/share/texlive/texmf-dist/tex/generic/pgf/math/pgfmathfunctions.misc.code.
tex)
(/usr/share/texlive/texmf-dist/tex/generic/pgf/math/pgfmathfunctions.integerari
thmetics.code.tex)))
(/usr/share/texlive/texmf-dist/tex/generic/pgf/math/pgfmathfloat.code.tex
\c@pgfmathroundto@lastzeros=\count198
))
(/usr/share/texlive/texmf-dist/tex/generic/pgf/math/pgfint.code.tex)
(/usr/share/texlive/texmf-dist/tex/generic/pgf/basiclayer/pgfcorepoints.code.te
x
File: pgfcorepoints.code.tex 2020/01/08 v3.1.5b (3.1.5b)
\pgf@picminx=\dimen156
\pgf@picmaxx=\dimen157
\pgf@picminy=\dimen158
\pgf@picmaxy=\dimen159
\pgf@pathminx=\dimen160
\pgf@pathmaxx=\dimen161
\pgf@pathminy=\dimen162
\pgf@pathmaxy=\dimen163
\pgf@xx=\dimen164
\pgf@xy=\dimen165
\pgf@yx=\dimen166
\pgf@yy=\dimen167
\pgf@zx=\dimen168
\pgf@zy=\dimen169
)
(/usr/share/texlive/texmf-dist/tex/generic/pgf/basiclayer/pgfcorepathconstruct.
code.tex
File: pgfcorepathconstruct.code.tex 2020/01/08 v3.1.5b (3.1.5b)
\pgf@path@lastx=\dimen170
\pgf@path@lasty=\dimen171
)
(/usr/share/texlive/texmf-dist/tex/generic/pgf/basiclayer/pgfcorepathusage.code
.tex
File: pgfcorepathusage.code.tex 2020/01/08 v3.1.5b (3.1.5b)
\pgf@shorten@end@additional=\dimen172
\pgf@shorten@start@additional=\dimen173
)
(/usr/share/texlive/texmf-dist/tex/generic/pgf/basiclayer/pgfcorescopes.code.te
x
File: pgfcorescopes.code.tex 2020/01/08 v3.1.5b (3.1.5b)
\pgfpic=\box47
\pgf@hbox=\box48
\pgf@layerbox@main=\box49
\pgf@picture@serial@count=\count199
)
(/usr/share/texlive/texmf-dist/tex/generic/pgf/basiclayer/pgfcoregraphicstate.c
ode.tex
File: pgfcoregraphicstate.code.tex 2020/01/08 v3.1.5b (3.1.5b)
\pgflinewidth=\dimen174
)
(/usr/share/texlive/texmf-dist/tex/generic/pgf/basiclayer/pgfcoretransformation
s.code.tex
File: pgfcoretransformations.code.tex 2020/01/08 v3.1.5b (3.1.5b)
\pgf@pt@x=\dimen175
\pgf@pt@y=\dimen176
\pgf@pt@temp=\dimen177
)
(/usr/share/texlive/texmf-dist/tex/generic/pgf/basiclayer/pgfcorequick.code.tex
File: pgfcorequick.code.tex 2020/01/08 v3.1.5b (3.1.5b)
)
(/usr/share/texlive/texmf-dist/tex/generic/pgf/basiclayer/pgfcoreobjects.code.t
ex
File: pgfcoreobjects.code.tex 2020/01/08 v3.1.5b (3.1.5b)
)
(/usr/share/texlive/texmf-dist/tex/generic/pgf/basiclayer/pgfcorepathprocessing
.code.tex
File: pgfcorepathprocessing.code.tex 2020/01/08 v3.1.5b (3.1.5b)
)
(/usr/share/texlive/texmf-dist/tex/generic/pgf/basiclayer/pgfcorearrows.code.te
x
File: pgfcorearrows.code.tex 2020/01/08 v3.1.5b (3.1.5b)
\pgfarrowsep=\dimen178
)
(/usr/share/texlive/texmf-dist/tex/generic/pgf/basiclayer/pgfcoreshade.code.tex
File: pgfcoreshade.code.tex 2020/01/08 v3.1.5b (3.1.5b)
\pgf@max=\dimen179
\pgf@sys@shading@range@num=\count266
\pgf@shadingcount=\count267
)
(/usr/share/texlive/texmf-dist/tex/generic/pgf/basiclayer/pgfcoreimage.code.tex
File: pgfcoreimage.code.tex 2020/01/08 v3.1.5b (3.1.5b)

(/usr/share/texlive/texmf-dist/tex/generic/pgf/basiclayer/pgfcoreexternal.code.
tex
File: pgfcoreexternal.code.tex 2020/01/08 v3.1.5b (3.1.5b)
\pgfexternal@startupbox=\box50
))
(/usr/share/texlive/texmf-dist/tex/generic/pgf/basiclayer/pgfcorelayers.code.te
x
File: pgfcorelayers.code.tex 2020/01/08 v3.1.5b (3.1.5b)
)
(/usr/share/texlive/texmf-dist/tex/generic/pgf/basiclayer/pgfcoretransparency.c
ode.tex
File: pgfcoretransparency.code.tex 2020/01/08 v3.1.5b (3.1.5b)
)
(/usr/share/texlive/texmf-dist/tex/generic/pgf/basiclayer/pgfcorepatterns.code.
tex
File: pgfcorepatterns.code.tex 2020/01/08 v3.1.5b (3.1.5b)
)
(/usr/share/texlive/texmf-dist/tex/generic/pgf/basiclayer/pgfcorerdf.code.tex
File: pgfcorerdf.code.tex 2020/01/08 v3.1.5b (3.1.5b)
)))
(/usr/share/texlive/texmf-dist/tex/generic/pgf/modules/pgfmoduleshapes.code.tex
File: pgfmoduleshapes.code.tex 2020/01/08 v3.1.5b (3.1.5b)
\pgfnodeparttextbox=\box51
) (/usr/share/texlive/texmf-dist/tex/generic/pgf/modules/pgfmoduleplot.code.tex
File: pgfmoduleplot.code.tex 2020/01/08 v3.1.5b (3.1.5b)
)
(/usr/share/texlive/texmf-dist/tex/latex/pgf/compatibility/pgfcomp-version-0-65
.sty
Package: pgfcomp-version-0-65 2020/01/08 v3.1.5b (3.1.5b)
\pgf@nodesepstart=\dimen180
\pgf@nodesepend=\dimen181
)
(/usr/share/texlive/texmf-dist/tex/latex/pgf/compatibility/pgfcomp-version-1-18
.sty
Package: pgfcomp-version-1-18 2020/01/08 v3.1.5b (3.1.5b)
)) (/usr/share/texlive/texmf-dist/tex/latex/pgf/utilities/pgffor.sty
(/usr/share/texlive/texmf-dist/tex/latex/pgf/utilities/pgfkeys.sty
(/usr/share/texlive/texmf-dist/tex/generic/pgf/utilities/pgfkeys.code.tex))
(/usr/share/texlive/texmf-dist/tex/latex/pgf/math/pgfmath.sty
(/usr/share/texlive/texmf-dist/tex/generic/pgf/math/pgfmath.code.tex))
(/usr/share/texlive/texmf-dist/tex/generic/pgf/utilities/pgffor.code.tex
Package: pgffor 2020/01/08 v3.1.5b (3.1.5b)

(/usr/share/texlive/texmf-dist/tex/generic/pgf/math/pgfmath.code.tex)
\pgffor@iter=\dimen182
\pgffor@skip=\dimen183
\pgffor@stack=\toks29
\pgffor@toks=\toks30
))
(/usr/share/texlive/texmf-dist/tex/generic/pgf/frontendlayer/tikz/tikz.code.tex
Package: tikz 2020/01/08 v3.1.5b (3.1.5b)

(/usr/share/texlive/texmf-dist/tex/generic/pgf/libraries/pgflibraryplothandlers
.code.tex
File: pgflibraryplothandlers.code.tex 2020/01/08 v3.1.5b (3.1.5b)
\pgf@plot@mark@count=\count268
\pgfplotmarksize=\dimen184
)
\tikz@lastx=\dimen185
\tikz@lasty=\dimen186
\tikz@lastxsaved=\dimen187
\tikz@lastysaved=\dimen188
\tikz@lastmovetox=\dimen189
\tikz@lastmovetoy=\dimen190
\tikzleveldistance=\dimen191
\tikzsiblingdistance=\dimen192
\tikz@figbox=\box52
\tikz@figbox@bg=\box53
\tikz@tempbox=\box54
\tikz@tempbox@bg=\box55
\tikztreelevel=\count269
\tikznumberofchildren=\count270
\tikznumberofcurrentchild=\count271
\tikz@fig@count=\count272

(/usr/share/texlive/texmf-dist/tex/generic/pgf/modules/pgfmodulematrix.code.tex
File: pgfmodulematrix.code.tex 2020/01/08 v3.1.5b (3.1.5b)
\pgfmatrixcurrentrow=\count273
\pgfmatrixcurrentcolumn=\count274
\pgf@matrix@numberofcolumns=\count275
)
\tikz@expandcount=\count276

(/usr/share/texlive/texmf-dist/tex/generic/pgf/frontendlayer/tikz/libraries/tik
zlibrarytopaths.code.tex
File: tikzlibrarytopaths.code.tex 2020/01/08 v3.1.5b (3.1.5b)
)))
(/usr/share/texlive/texmf-dist/tex/latex/amsmath/amsmath.sty
Package: amsmath 2020/01/20 v2.17e AMS math features
\@mathmargin=\skip56

For additional information on amsmath, use the `?' option.
(/usr/share/texlive/texmf-dist/tex/latex/amsmath/amstext.sty
Package: amstext 2000/06/29 v2.01 AMS text

(/usr/share/texlive/texmf-dist/tex/latex/amsmath/amsgen.sty
File: amsgen.sty 1999/11/30 v2.0 generic functions
\@emptytoks=\toks31
\ex@=\dimen193
))
(/usr/share/texlive/texmf-dist/tex/latex/amsmath/amsbsy.sty
Package: amsbsy 1999/11/29 v1.2d Bold Symbols
\pmbraise@=\dimen194
)
(/usr/share/texlive/texmf-dist/tex/latex/amsmath/amsopn.sty
Package: amsopn 2016/03/08 v2.02 operator names
)
\inf@bad=\count277
LaTeX Info: Redefining \frac on input line 227.
\uproot@=\count278
\leftroot@=\count279
LaTeX Info: Redefining \overline on input line 389.
\classnum@=\count280
\DOTSCASE@=\count281
LaTeX Info: Redefining \ldots on input line 486.
LaTeX Info: Redefining \dots on input line 489.
LaTeX Info: Redefining \cdots on input line 610.
\Mathstrutbox@=\box56
\strutbox@=\box57
\big@size=\dimen195
LaTeX Font Info:    Redeclaring font encoding OML on input line 733.
LaTeX Font Info:    Redeclaring font encoding OMS on input line 734.
\macc@depth=\count282
\c@MaxMatrixCols=\count283
\dotsspace@=\muskip17
\c@parentequation=\count284
\dspbrk@lvl=\count285
\tag@help=\toks32
\row@=\count286
\column@=\count287
\maxfields@=\count288
\andhelp@=\toks33
\eqnshift@=\dimen196
\alignsep@=\dimen197
\tagshift@=\dimen198
\tagwidth@=\dimen199
\totwidth@=\dimen256
\lineht@=\dimen257
\@envbody=\toks34
\multlinegap=\skip57
\multlinetaggap=\skip58
\mathdisplay@stack=\toks35
LaTeX Info: Redefining \[ on input line 2859.
LaTeX Info: Redefining \] on input line 2860.
)
(/usr/share/texlive/texmf-dist/tex/latex/caption/caption.sty
Package: caption 2020/01/03 v3.4h Customizing captions (AR)

(/usr/share/texlive/texmf-dist/tex/latex/caption/caption3.sty
Package: caption3 2020/01/03 v1.8h caption3 kernel (AR)
Package caption3 Info: TeX engine: e-TeX on input line 61.
\captionmargin=\dimen258
\captionmargin@=\dimen259
\captionwidth=\dimen260
\caption@tempdima=\dimen261
\caption@indent=\dimen262
\caption@parindent=\dimen263
\caption@hangindent=\dimen264
Package caption Info: Standard document class detected.
)
\c@caption@flags=\count289
\c@continuedfloat=\count290
Package caption Info: hyperref package is loaded.
Package caption Info: subfigure package is loaded.
)
(/usr/share/texlive/texmf-dist/tex/latex/amsfonts/amsfonts.sty
Package: amsfonts 2013/01/14 v3.01 Basic AMSFonts support
\symAMSa=\mathgroup4
\symAMSb=\mathgroup5
LaTeX Font Info:    Redeclaring math symbol \hbar on input line 98.
LaTeX Font Info:    Overwriting math alphabet `\mathfrak' in version `bold'
(Font)                  U/euf/m/n --> U/euf/b/n on input line 106.
)
(/usr/share/texlive/texmf-dist/tex/latex/tools/bm.sty
Package: bm 2019/07/24 v1.2d Bold Symbol Support (DPC/FMi)
\symboldoperators=\mathgroup6
\symboldletters=\mathgroup7
\symboldsymbols=\mathgroup8
LaTeX Font Info:    Redeclaring math alphabet \mathbf on input line 141.
LaTeX Info: Redefining \bm on input line 209.
)
(/usr/share/texlive/texmf-dist/tex/latex/float/float.sty
Package: float 2001/11/08 v1.3d Float enhancements (AL)
\c@float@type=\count291
\float@exts=\toks36
\float@box=\box58
\@float@everytoks=\toks37
\@floatcapt=\box59
)
(/usr/share/texlive/texmf-dist/tex/latex/geometry/geometry.sty
Package: geometry 2020/01/02 v5.9 Page Geometry

(/usr/share/texlive/texmf-dist/tex/generic/iftex/ifvtex.sty
Package: ifvtex 2019/10/25 v1.7 ifvtex legacy package. Use iftex instead.
)
\Gm@cnth=\count292
\Gm@cntv=\count293
\c@Gm@tempcnt=\count294
\Gm@bindingoffset=\dimen265
\Gm@wd@mp=\dimen266
\Gm@odd@mp=\dimen267
\Gm@even@mp=\dimen268
\Gm@layoutwidth=\dimen269
\Gm@layoutheight=\dimen270
\Gm@layouthoffset=\dimen271
\Gm@layoutvoffset=\dimen272
\Gm@dimlist=\toks38
)
(/usr/share/texlive/texmf-dist/tex/latex/multirow/multirow.sty
Package: multirow 2019/05/31 v2.5 Span multiple rows of a table
\multirow@colwidth=\skip59
\multirow@cntb=\count295
\multirow@dima=\skip60
\bigstrutjot=\dimen273
)
(/usr/share/texlive/texmf-dist/tex/generic/pgf/frontendlayer/tikz/libraries/tik
zlibraryshapes.code.tex
File: tikzlibraryshapes.code.tex 2020/01/08 v3.1.5b (3.1.5b)

(/usr/share/texlive/texmf-dist/tex/generic/pgf/frontendlayer/tikz/libraries/tik
zlibraryshapes.geometric.code.tex
File: tikzlibraryshapes.geometric.code.tex 2020/01/08 v3.1.5b (3.1.5b)

(/usr/share/texlive/texmf-dist/tex/generic/pgf/libraries/shapes/pgflibraryshape
s.geometric.code.tex
File: pgflibraryshapes.geometric.code.tex 2020/01/08 v3.1.5b (3.1.5b)
))
(/usr/share/texlive/texmf-dist/tex/generic/pgf/frontendlayer/tikz/libraries/tik
zlibraryshapes.misc.code.tex
File: tikzlibraryshapes.misc.code.tex 2020/01/08 v3.1.5b (3.1.5b)

(/usr/share/texlive/texmf-dist/tex/generic/pgf/libraries/shapes/pgflibraryshape
s.misc.code.tex
File: pgflibraryshapes.misc.code.tex 2020/01/08 v3.1.5b (3.1.5b)
))
(/usr/share/texlive/texmf-dist/tex/generic/pgf/frontendlayer/tikz/libraries/tik
zlibraryshapes.symbols.code.tex
File: tikzlibraryshapes.symbols.code.tex 2020/01/08 v3.1.5b (3.1.5b)

(/usr/share/texlive/texmf-dist/tex/generic/pgf/libraries/shapes/pgflibraryshape
s.symbols.code.tex
File: pgflibraryshapes.symbols.code.tex 2020/01/08 v3.1.5b (3.1.5b)
))
(/usr/share/texlive/texmf-dist/tex/generic/pgf/frontendlayer/tikz/libraries/tik
zlibraryshapes.arrows.code.tex
File: tikzlibraryshapes.arrows.code.tex 2020/01/08 v3.1.5b (3.1.5b)

(/usr/share/texlive/texmf-dist/tex/generic/pgf/libraries/shapes/pgflibraryshape
s.arrows.code.tex
File: pgflibraryshapes.arrows.code.tex 2020/01/08 v3.1.5b (3.1.5b)
))
(/usr/share/texlive/texmf-dist/tex/generic/pgf/frontendlayer/tikz/libraries/tik
zlibraryshapes.callouts.code.tex
(/usr/share/texlive/texmf-dist/tex/generic/pgf/libraries/shapes/pgflibraryshape
s.callouts.code.tex))
(/usr/share/texlive/texmf-dist/tex/generic/pgf/frontendlayer/tikz/libraries/tik
zlibraryshapes.multipart.code.tex
File: tikzlibraryshapes.multipart.code.tex 2020/01/08 v3.1.5b (3.1.5b)

(/usr/share/texlive/texmf-dist/tex/generic/pgf/libraries/shapes/pgflibraryshape
s.multipart.code.tex
File: pgflibraryshapes.multipart.code.tex 2020/01/08 v3.1.5b (3.1.5b)
\pgfnodepartlowerbox=\box60
\pgfnodeparttwobox=\box61
\pgfnodepartthreebox=\box62
\pgfnodepartfourbox=\box63
\pgfnodeparttwentybox=\box64
\pgfnodepartnineteenbox=\box65
\pgfnodeparteighteenbox=\box66
\pgfnodepartseventeenbox=\box67
\pgfnodepartsixteenbox=\box68
\pgfnodepartfifteenbox=\box69
\pgfnodepartfourteenbox=\box70
\pgfnodepartthirteenbox=\box71
\pgfnodeparttwelvebox=\box72
\pgfnodepartelevenbox=\box73
\pgfnodeparttenbox=\box74
\pgfnodepartninebox=\box75
\pgfnodeparteightbox=\box76
\pgfnodepartsevenbox=\box77
\pgfnodepartsixbox=\box78
\pgfnodepartfivebox=\box79
)))
(/usr/share/texlive/texmf-dist/tex/generic/pgf/frontendlayer/tikz/libraries/tik
zlibrarypositioning.code.tex
File: tikzlibrarypositioning.code.tex 2020/01/08 v3.1.5b (3.1.5b)
)
(/usr/share/texlive/texmf-dist/tex/generic/pgf/frontendlayer/tikz/libraries/tik
zlibraryarrows.code.tex
File: tikzlibraryarrows.code.tex 2020/01/08 v3.1.5b (3.1.5b)

(/usr/share/texlive/texmf-dist/tex/generic/pgf/libraries/pgflibraryarrows.code.
tex
File: pgflibraryarrows.code.tex 2020/01/08 v3.1.5b (3.1.5b)
\arrowsize=\dimen274
)) (/usr/share/texlive/texmf-dist/tex/latex/l3backend/l3backend-pdfmode.def
File: l3backend-pdfmode.def 2020-02-03 L3 backend support: PDF mode
\l__kernel_color_stack_int=\count296
\l__pdf_internal_box=\box80
) (./SQDreport.aux

LaTeX Warning: Label `fig:opt_y_150_space' multiply defined.


LaTeX Warning: Label `fig:opt_y_50_space' multiply defined.

)
\openout1 = `SQDreport.aux'.

LaTeX Font Info:    Checking defaults for OML/cmm/m/it on input line 26.
LaTeX Font Info:    ... okay on input line 26.
LaTeX Font Info:    Checking defaults for OMS/cmsy/m/n on input line 26.
LaTeX Font Info:    ... okay on input line 26.
LaTeX Font Info:    Checking defaults for OT1/cmr/m/n on input line 26.
LaTeX Font Info:    ... okay on input line 26.
LaTeX Font Info:    Checking defaults for T1/cmr/m/n on input line 26.
LaTeX Font Info:    ... okay on input line 26.
LaTeX Font Info:    Checking defaults for TS1/cmr/m/n on input line 26.
LaTeX Font Info:    ... okay on input line 26.
LaTeX Font Info:    Checking defaults for OMX/cmex/m/n on input line 26.
LaTeX Font Info:    ... okay on input line 26.
LaTeX Font Info:    Checking defaults for U/cmr/m/n on input line 26.
LaTeX Font Info:    ... okay on input line 26.
LaTeX Font Info:    Checking defaults for PD1/pdf/m/n on input line 26.
LaTeX Font Info:    ... okay on input line 26.
\AtBeginShipoutBox=\box81
Package hyperref Info: Link coloring OFF on input line 26.
 (/usr/share/texlive/texmf-dist/tex/latex/hyperref/nameref.sty
Package: nameref 2019/09/16 v2.46 Cross-referencing by name of section

(/usr/share/texlive/texmf-dist/tex/latex/refcount/refcount.sty
Package: refcount 2019/12/15 v3.6 Data extraction from label references (HO)
)
(/usr/share/texlive/texmf-dist/tex/generic/gettitlestring/gettitlestring.sty
Package: gettitlestring 2019/12/15 v1.6 Cleanup title references (HO)
)
\c@section@level=\count297
)
LaTeX Info: Redefining \ref on input line 26.
LaTeX Info: Redefining \pageref on input line 26.
LaTeX Info: Redefining \nameref on input line 26.

(./SQDreport.out) (./SQDreport.out)
\@outlinefile=\write4
\openout4 = `SQDreport.out'.


(/usr/share/texlive/texmf-dist/tex/context/base/mkii/supp-pdf.mkii
[Loading MPS to PDF converter (version 2006.09.02).]
\scratchcounter=\count298
\scratchdimen=\dimen275
\scratchbox=\box82
\nofMPsegments=\count299
\nofMParguments=\count300
\everyMPshowfont=\toks39
\MPscratchCnt=\count301
\MPscratchDim=\dimen276
\MPnumerator=\count302
\makeMPintoPDFobject=\count303
\everyMPtoPDFconversion=\toks40
) (/usr/share/texlive/texmf-dist/tex/latex/epstopdf-pkg/epstopdf-base.sty
Package: epstopdf-base 2020-01-24 v2.11 Base part for package epstopdf
Package epstopdf-base Info: Redefining graphics rule for `.eps' on input line 4
85.

(/usr/share/texlive/texmf-dist/tex/latex/latexconfig/epstopdf-sys.cfg
File: epstopdf-sys.cfg 2010/07/13 v1.3 Configuration of (r)epstopdf for TeX Liv
e
))
ABD: EveryShipout initializing macros
Package caption Info: Begin \AtBeginDocument code.
Package caption Info: float package is loaded.
Package caption Info: End \AtBeginDocument code.

*geometry* driver: auto-detecting
*geometry* detected driver: pdftex
*geometry* verbose mode - [ preamble ] result:
* driver: pdftex
* paper: a4paper
* layout: <same size as paper>
* layoutoffset:(h,v)=(0.0pt,0.0pt)
* modes: 
* h-part:(L,W,R)=(89.62709pt, 418.25368pt, 89.6271pt)
* v-part:(T,H,B)=(101.40665pt, 591.5302pt, 152.11pt)
* \paperwidth=597.50787pt
* \paperheight=845.04684pt
* \textwidth=418.25368pt
* \textheight=591.5302pt
* \oddsidemargin=17.3571pt
* \evensidemargin=17.3571pt
* \topmargin=-7.86334pt
* \headheight=12.0pt
* \headsep=25.0pt
* \topskip=10.0pt
* \footskip=30.0pt
* \marginparwidth=57.0pt
* \marginparsep=11.0pt
* \columnsep=10.0pt
* \skip\footins=9.0pt plus 4.0pt minus 2.0pt
* \hoffset=0.0pt
* \voffset=0.0pt
* \mag=1000
* \@twocolumnfalse
* \@twosidefalse
* \@mparswitchfalse
* \@reversemarginfalse
* (1in=72.27pt=25.4mm, 1cm=28.453pt)

LaTeX Font Info:    Trying to load font information for U+msa on input line 28.

(/usr/share/texlive/texmf-dist/tex/latex/amsfonts/umsa.fd
File: umsa.fd 2013/01/14 v3.01 AMS symbols A
)
LaTeX Font Info:    Trying to load font information for U+msb on input line 28.


(/usr/share/texlive/texmf-dist/tex/latex/amsfonts/umsb.fd
File: umsb.fd 2013/01/14 v3.01 AMS symbols B
) [1

{/var/lib/texmf/fonts/map/pdftex/updmap/pdftex.map}] [2] [3]
<plot/optimization/SPx.pdf, id=87, 361.35pt x 361.35pt>
File: plot/optimization/SPx.pdf Graphic file (type pdf)
<use plot/optimization/SPx.pdf>
Package pdftex.def Info: plot/optimization/SPx.pdf  used on input line 103.
(pdftex.def)             Requested size: 200.75996pt x 200.76114pt.
<plot/optimization/SPy.pdf, id=88, 361.35pt x 361.35pt>
File: plot/optimization/SPy.pdf Graphic file (type pdf)
<use plot/optimization/SPy.pdf>
Package pdftex.def Info: plot/optimization/SPy.pdf  used on input line 110.
(pdftex.def)             Requested size: 200.75996pt x 200.76114pt.
<plot/optimization/footsteps.pdf, id=90, 722.7pt x 361.35pt>
File: plot/optimization/footsteps.pdf Graphic file (type pdf)
<use plot/optimization/footsteps.pdf>
Package pdftex.def Info: plot/optimization/footsteps.pdf  used on input line 12
0.
(pdftex.def)             Requested size: 418.25368pt x 209.1255pt.
 [4 <./plot/optimization/SPx.pdf> <./plot/optimization/SPy.pdf>]
<plot/dynamics/LIP.png, id=140, 614.295pt x 473.77pt>
File: plot/dynamics/LIP.png Graphic file (type png)
<use plot/dynamics/LIP.png>
Package pdftex.def Info: plot/dynamics/LIP.png  used on input line 190.
(pdftex.def)             Requested size: 209.12683pt x 161.2893pt.
 [5 <./plot/optimization/footsteps.pdf>] [6 <./plot/dynamics/LIP.png>]
Underfull \hbox (badness 10000) in paragraph at lines 249--251

 []

[7] [8]
<plot/kinematic/error_functin.pdf, id=226, 2312.64pt x 939.51pt>
File: plot/kinematic/error_functin.pdf Graphic file (type pdf)
<use plot/kinematic/error_functin.pdf>
Package pdftex.def Info: plot/kinematic/error_functin.pdf  used on input line 3
91.
(pdftex.def)             Requested size: 323.7674pt x 131.5305pt.
 [9] [10 <./plot/kinematic/error_functin.pdf>]
LaTeX Font Info:    Trying to load font information for T1+cmtt on input line 4
21.

(/usr/share/texlive/texmf-dist/tex/latex/base/t1cmtt.fd
File: t1cmtt.fd 2019/12/16 v2.5j Standard LaTeX font definitions
) [11]
<plot/kinematic/3dof_leg.pdf, id=293, 995.72pt x 1137.24875pt>
File: plot/kinematic/3dof_leg.pdf Graphic file (type pdf)
<use plot/kinematic/3dof_leg.pdf>
Package pdftex.def Info: plot/kinematic/3dof_leg.pdf  used on input line 457.
(pdftex.def)             Requested size: 398.28094pt x 454.89145pt.
<plot/kinematic/5dof_leg.pdf, id=294, 864.22874pt x 1137.24875pt>
File: plot/kinematic/5dof_leg.pdf Graphic file (type pdf)
<use plot/kinematic/5dof_leg.pdf>
Package pdftex.def Info: plot/kinematic/5dof_leg.pdf  used on input line 464.
(pdftex.def)             Requested size: 345.68536pt x 454.89145pt.
<plot/kinematic/left_leg_joints.pdf, id=297, 722.7pt x 361.35pt>
File: plot/kinematic/left_leg_joints.pdf Graphic file (type pdf)
<use plot/kinematic/left_leg_joints.pdf>
Package pdftex.def Info: plot/kinematic/left_leg_joints.pdf  used on input line
 517.
(pdftex.def)             Requested size: 361.3491pt x 180.67456pt.
<plot/kinematic/right_leg_joints.pdf, id=298, 722.7pt x 361.35pt>
File: plot/kinematic/right_leg_joints.pdf Graphic file (type pdf)
<use plot/kinematic/right_leg_joints.pdf>
Package pdftex.def Info: plot/kinematic/right_leg_joints.pdf  used on input lin
e 525.
(pdftex.def)             Requested size: 361.3491pt x 180.67456pt.
 [12] [13 <./plot/kinematic/3dof_leg.pdf>] [14 <./plot/kinematic/5dof_leg.pdf>]
 [15 <./plot/kinematic/left_leg_joints.pdf> <./plot/kinematic/right_leg_joints.
pdf>]
*geometry* verbose mode - [ newgeometry ] result:
* driver: pdftex
* paper: a4paper
* layout: <same size as paper>
* layoutoffset:(h,v)=(0.0pt,0.0pt)
* modes: 
* h-part:(L,W,R)=(2.84544pt, 591.81699pt, 2.84544pt)
* v-part:(T,H,B)=(101.40665pt, 591.5302pt, 152.11pt)
* \paperwidth=597.50787pt
* \paperheight=845.04684pt
* \textwidth=591.81699pt
* \textheight=591.5302pt
* \oddsidemargin=-69.42455pt
* \evensidemargin=-69.42455pt
* \topmargin=-7.86334pt
* \headheight=12.0pt
* \headsep=25.0pt
* \topskip=10.0pt
* \footskip=30.0pt
* \marginparwidth=57.0pt
* \marginparsep=11.0pt
* \columnsep=10.0pt
* \skip\footins=9.0pt plus 4.0pt minus 2.0pt
* \hoffset=0.0pt
* \voffset=0.0pt
* \mag=1000
* \@twocolumnfalse
* \@twosidefalse
* \@mparswitchfalse
* \@reversemarginfalse
* (1in=72.27pt=25.4mm, 1cm=28.453pt)

<plot/kinematic/biped_walking.pdf, id=560, 722.7pt x 578.16pt>
File: plot/kinematic/biped_walking.pdf Graphic file (type pdf)
<use plot/kinematic/biped_walking.pdf>
Package pdftex.def Info: plot/kinematic/biped_walking.pdf  used on input line 5
40.
(pdftex.def)             Requested size: 303.53192pt x 242.82555pt.

Overfull \hbox (19.46231pt too wide) in paragraph at lines 540--541
[][] 
 []

<plot/kinematic/biped_walking10dof.pdf, id=561, 614.295pt x 794.97pt>
File: plot/kinematic/biped_walking10dof.pdf Graphic file (type pdf)
<use plot/kinematic/biped_walking10dof.pdf>
Package pdftex.def Info: plot/kinematic/biped_walking10dof.pdf  used on input l
ine 546.
(pdftex.def)             Requested size: 307.14674pt x 397.48402pt.

Overfull \hbox (23.07713pt too wide) in paragraph at lines 546--547
[][] 
 []


LaTeX Warning: Float too large for page by 88.77934pt on input line 550.

[16 <./plot/kinematic/biped_walking.pdf> <./plot/kinematic/biped_walking10dof.p
df>]
<plot/kinematic/foot_trajectory.pdf, id=599, 722.7pt x 361.35pt>
File: plot/kinematic/foot_trajectory.pdf Graphic file (type pdf)
<use plot/kinematic/foot_trajectory.pdf>
Package pdftex.def Info: plot/kinematic/foot_trajectory.pdf  used on input line
 619.
(pdftex.def)             Requested size: 361.3491pt x 180.67456pt.
<plot/com.pdf, id=600, 569.12625pt x 284.06125pt>
File: plot/com.pdf Graphic file (type pdf)
<use plot/com.pdf>
Package pdftex.def Info: plot/com.pdf  used on input line 631.
(pdftex.def)             Requested size: 398.38567pt x 198.84149pt.
<plot/kinematic/SPW.pdf, id=601, 722.7pt x 361.35pt>
File: plot/kinematic/SPW.pdf Graphic file (type pdf)
<use plot/kinematic/SPW.pdf>
Package pdftex.def Info: plot/kinematic/SPW.pdf  used on input line 639.
(pdftex.def)             Requested size: 361.3491pt x 180.67456pt.
 [17


 <./plot/kinematic/foot_trajectory.pdf>] [18 <./plot/com.pdf> <./plot/kinematic
/SPW.pdf>]
<plot/SQD/150/x_opt_150.pdf, id=659, 569.12625pt x 284.06125pt>
File: plot/SQD/150/x_opt_150.pdf Graphic file (type pdf)
<use plot/SQD/150/x_opt_150.pdf>
Package pdftex.def Info: plot/SQD/150/x_opt_150.pdf  used on input line 652.
(pdftex.def)             Requested size: 227.64647pt x 113.62247pt.

Overfull \hbox (26.8865pt too wide) in paragraph at lines 652--653
 [][] 
 []

<plot/SQD/150/vx_opt_150.pdf, id=660, 569.12625pt x 284.06125pt>
File: plot/SQD/150/vx_opt_150.pdf Graphic file (type pdf)
<use plot/SQD/150/vx_opt_150.pdf>
Package pdftex.def Info: plot/SQD/150/vx_opt_150.pdf  used on input line 659.
(pdftex.def)             Requested size: 227.64647pt x 113.62247pt.

Overfull \hbox (26.8865pt too wide) in paragraph at lines 659--660
 [][] 
 []

<plot/SQD/150/x_time_150.pdf, id=661, 569.12625pt x 284.06125pt>
File: plot/SQD/150/x_time_150.pdf Graphic file (type pdf)
<use plot/SQD/150/x_time_150.pdf>
Package pdftex.def Info: plot/SQD/150/x_time_150.pdf  used on input line 666.
(pdftex.def)             Requested size: 227.64647pt x 113.62247pt.

Overfull \hbox (26.8865pt too wide) in paragraph at lines 666--667
 [][] 
 []

<plot/SQD/150/vx_time_150.pdf, id=662, 569.12625pt x 284.06125pt>
File: plot/SQD/150/vx_time_150.pdf Graphic file (type pdf)
<use plot/SQD/150/vx_time_150.pdf>
Package pdftex.def Info: plot/SQD/150/vx_time_150.pdf  used on input line 673.
(pdftex.def)             Requested size: 227.64647pt x 113.62247pt.

Overfull \hbox (26.8865pt too wide) in paragraph at lines 673--674
 [][] 
 []

<plot/SQD/50/x_opt_50.pdf, id=663, 569.12625pt x 284.06125pt>
File: plot/SQD/50/x_opt_50.pdf Graphic file (type pdf)
<use plot/SQD/50/x_opt_50.pdf>
Package pdftex.def Info: plot/SQD/50/x_opt_50.pdf  used on input line 679.
(pdftex.def)             Requested size: 227.64647pt x 113.62247pt.

Overfull \hbox (26.8865pt too wide) in paragraph at lines 679--680
 [][] 
 []

<plot/SQD/50/vx_opt_50.pdf, id=664, 569.12625pt x 284.06125pt>
File: plot/SQD/50/vx_opt_50.pdf Graphic file (type pdf)
<use plot/SQD/50/vx_opt_50.pdf>
Package pdftex.def Info: plot/SQD/50/vx_opt_50.pdf  used on input line 686.
(pdftex.def)             Requested size: 227.64647pt x 113.62247pt.

Overfull \hbox (26.8865pt too wide) in paragraph at lines 686--687
 [][] 
 []

<plot/SQD/50/x_time_50.pdf, id=665, 569.12625pt x 284.06125pt>
File: plot/SQD/50/x_time_50.pdf Graphic file (type pdf)
<use plot/SQD/50/x_time_50.pdf>
Package pdftex.def Info: plot/SQD/50/x_time_50.pdf  used on input line 693.
(pdftex.def)             Requested size: 227.64647pt x 113.62247pt.

Overfull \hbox (26.8865pt too wide) in paragraph at lines 693--694
 [][] 
 []

<plot/SQD/50/vx_time_50.pdf, id=666, 569.12625pt x 284.06125pt>
File: plot/SQD/50/vx_time_50.pdf Graphic file (type pdf)
<use plot/SQD/50/vx_time_50.pdf>
Package pdftex.def Info: plot/SQD/50/vx_time_50.pdf  used on input line 700.
(pdftex.def)             Requested size: 227.64647pt x 113.62247pt.

Overfull \hbox (26.8865pt too wide) in paragraph at lines 700--701
 [][] 
 []

<plot/optimization/opt_y_150_space.pdf, id=667, 578.16pt x 289.08pt>
File: plot/optimization/opt_y_150_space.pdf Graphic file (type pdf)
<use plot/optimization/opt_y_150_space.pdf>
Package pdftex.def Info: plot/optimization/opt_y_150_space.pdf  used on input l
ine 726.
(pdftex.def)             Requested size: 231.2599pt x 115.62994pt.

Overfull \hbox (30.49994pt too wide) in paragraph at lines 726--727
 [][] 
 []

<plot/optimization/opt_vy_150_space.pdf, id=668, 578.16pt x 289.08pt>
File: plot/optimization/opt_vy_150_space.pdf Graphic file (type pdf)
<use plot/optimization/opt_vy_150_space.pdf>
Package pdftex.def Info: plot/optimization/opt_vy_150_space.pdf  used on input 
line 733.
(pdftex.def)             Requested size: 231.2599pt x 115.62994pt.

Overfull \hbox (30.49994pt too wide) in paragraph at lines 733--734
 [][] 
 []

<plot/optimization/opt_y_50_space.pdf, id=669, 578.16pt x 289.08pt>
File: plot/optimization/opt_y_50_space.pdf Graphic file (type pdf)
<use plot/optimization/opt_y_50_space.pdf>
Package pdftex.def Info: plot/optimization/opt_y_50_space.pdf  used on input li
ne 740.
(pdftex.def)             Requested size: 231.2599pt x 115.62994pt.

Overfull \hbox (30.49994pt too wide) in paragraph at lines 740--741
 [][] 
 []

<plot/optimization/opt_vy_50_space.pdf, id=670, 578.16pt x 289.08pt>
File: plot/optimization/opt_vy_50_space.pdf Graphic file (type pdf)
<use plot/optimization/opt_vy_50_space.pdf>
Package pdftex.def Info: plot/optimization/opt_vy_50_space.pdf  used on input l
ine 747.
(pdftex.def)             Requested size: 231.2599pt x 115.62994pt.

Overfull \hbox (30.49994pt too wide) in paragraph at lines 747--748
 [][] 
 []

<plot/OPT_TEMPO/150/opt_x_150_time_noSQD.pdf, id=671, 569.12625pt x 284.06125pt
>
File: plot/OPT_TEMPO/150/opt_x_150_time_noSQD.pdf Graphic file (type pdf)
<use plot/OPT_TEMPO/150/opt_x_150_time_noSQD.pdf>
Package pdftex.def Info: plot/OPT_TEMPO/150/opt_x_150_time_noSQD.pdf  used on i
nput line 754.
(pdftex.def)             Requested size: 227.64647pt x 113.62247pt.

Overfull \hbox (26.8865pt too wide) in paragraph at lines 754--755
 [][] 
 []

<plot/OPT_TEMPO/150/v_opt_x_150_time_noSQD.pdf, id=672, 569.12625pt x 284.06125
pt>
File: plot/OPT_TEMPO/150/v_opt_x_150_time_noSQD.pdf Graphic file (type pdf)
<use plot/OPT_TEMPO/150/v_opt_x_150_time_noSQD.pdf>
Package pdftex.def Info: plot/OPT_TEMPO/150/v_opt_x_150_time_noSQD.pdf  used on
 input line 761.
(pdftex.def)             Requested size: 227.64647pt x 113.62247pt.

Overfull \hbox (26.8865pt too wide) in paragraph at lines 761--762
 [][] 
 []

<plot/OPT_TEMPO/50/opt_x_50_time_noSQD.pdf, id=673, 569.12625pt x 284.06125pt>
File: plot/OPT_TEMPO/50/opt_x_50_time_noSQD.pdf Graphic file (type pdf)
<use plot/OPT_TEMPO/50/opt_x_50_time_noSQD.pdf>
Package pdftex.def Info: plot/OPT_TEMPO/50/opt_x_50_time_noSQD.pdf  used on inp
ut line 768.
(pdftex.def)             Requested size: 227.64647pt x 113.62247pt.

Overfull \hbox (26.8865pt too wide) in paragraph at lines 768--769
 [][] 
 []

<plot/OPT_TEMPO/50/v_opt_x_50_time_noSQD.pdf, id=674, 569.12625pt x 284.06125pt
>
File: plot/OPT_TEMPO/50/v_opt_x_50_time_noSQD.pdf Graphic file (type pdf)
<use plot/OPT_TEMPO/50/v_opt_x_50_time_noSQD.pdf>
Package pdftex.def Info: plot/OPT_TEMPO/50/v_opt_x_50_time_noSQD.pdf  used on i
nput line 775.
(pdftex.def)             Requested size: 227.64647pt x 113.62247pt.

Overfull \hbox (26.8865pt too wide) in paragraph at lines 775--776
 [][] 
 []

<plot/OPT_TEMPO/150/opt_y_150_time_noSQD.pdf, id=675, 569.12625pt x 284.06125pt
>
File: plot/OPT_TEMPO/150/opt_y_150_time_noSQD.pdf Graphic file (type pdf)
<use plot/OPT_TEMPO/150/opt_y_150_time_noSQD.pdf>
Package pdftex.def Info: plot/OPT_TEMPO/150/opt_y_150_time_noSQD.pdf  used on i
nput line 785.
(pdftex.def)             Requested size: 227.64647pt x 113.62247pt.

Overfull \hbox (26.8865pt too wide) in paragraph at lines 785--786
 [][] 
 []

<plot/OPT_TEMPO/50/opt_y_50_time_noSQD.pdf, id=676, 569.12625pt x 284.06125pt>
File: plot/OPT_TEMPO/50/opt_y_50_time_noSQD.pdf Graphic file (type pdf)
<use plot/OPT_TEMPO/50/opt_y_50_time_noSQD.pdf>
Package pdftex.def Info: plot/OPT_TEMPO/50/opt_y_50_time_noSQD.pdf  used on inp
ut line 792.
(pdftex.def)             Requested size: 227.64647pt x 113.62247pt.

Overfull \hbox (26.8865pt too wide) in paragraph at lines 792--793
 [][] 
 []

<plot/optimization/footsteps_com_zmp.pdf, id=677, 722.7pt x 361.35pt>
File: plot/optimization/footsteps_com_zmp.pdf Graphic file (type pdf)
<use plot/optimization/footsteps_com_zmp.pdf>
Package pdftex.def Info: plot/optimization/footsteps_com_zmp.pdf  used on input
 line 802.
(pdftex.def)             Requested size: 433.62334pt x 216.81168pt.

Overfull \hbox (15.36966pt too wide) in paragraph at lines 802--803
 [][] 
 []

[19] [20 <./plot/SQD/150/x_opt_150.pdf> <./plot/SQD/150/vx_opt_150.pdf> <./plot
/SQD/150/x_time_150.pdf> <./plot/SQD/150/vx_time_150.pdf> <./plot/SQD/50/x_opt_
50.pdf> <./plot/SQD/50/vx_opt_50.pdf> <./plot/SQD/50/x_time_50.pdf> <./plot/SQD
/50/vx_time_50.pdf>] [21 <./plot/optimization/opt_y_150_space.pdf> <./plot/opti
mization/opt_vy_150_space.pdf> <./plot/optimization/opt_y_50_space.pdf> <./plot
/optimization/opt_vy_50_space.pdf> <./plot/OPT_TEMPO/150/opt_x_150_time_noSQD.p
df> <./plot/OPT_TEMPO/150/v_opt_x_150_time_noSQD.pdf> <./plot/OPT_TEMPO/50/opt_
x_50_time_noSQD.pdf> <./plot/OPT_TEMPO/50/v_opt_x_50_time_noSQD.pdf>] [22 <./pl
ot/OPT_TEMPO/150/opt_y_150_time_noSQD.pdf> <./plot/OPT_TEMPO/50/opt_y_50_time_n
oSQD.pdf> <./plot/optimization/footsteps_com_zmp.pdf>]
Overfull \hbox (52.21489pt too wide) in paragraph at lines 827--828
[]\T1/cmr/m/n/10 Optimization Prob-lem - MAT-LAB & Simulink https://www.mathwor
ks.com/help/mpc/ug/optimization-
 []

[23]
Package atveryend Info: Empty hook `BeforeClearDocument' on input line 832.
Package atveryend Info: Empty hook `AfterLastShipout' on input line 832.
 (./SQDreport.aux)
Package atveryend Info: Executing hook `AtVeryEndDocument' on input line 832.
Package atveryend Info: Executing hook `AtEndAfterFileList' on input line 832.
Package rerunfilecheck Info: File `SQDreport.out' has not changed.
(rerunfilecheck)             Checksum: 0616C8404FEDE2E1001A941CFCBB6368;482.


LaTeX Warning: There were multiply-defined labels.

Package atveryend Info: Empty hook `AtVeryVeryEnd' on input line 832.
 ) 
Here is how much of TeX's memory you used:
 21017 strings out of 483140
 419547 string characters out of 5965150
 686062 words of memory out of 5000000
 35474 multiletter control sequences out of 15000+600000
 550144 words of font info for 77 fonts, out of 8000000 for 9000
 36 hyphenation exceptions out of 8191
 60i,12n,67p,3377b,416s stack positions out of 5000i,500n,10000p,200000b,80000s
 </home/dario/.texlive2019/texmf-var/fonts/pk/ljfour/jknappen/ec/ecti1000.600
pk> </home/dario/.texlive2019/texmf-var/fonts/pk/ljfour/jknappen/ec/ectt1000.60
0pk> </home/dario/.texlive2019/texmf-var/fonts/pk/ljfour/jknappen/ec/tcrm1000.6
00pk> </home/dario/.texlive2019/texmf-var/fonts/pk/ljfour/jknappen/ec/ecrm0800.
600pk> </home/dario/.texlive2019/texmf-var/fonts/pk/ljfour/jknappen/ec/ecbx1440
.600pk> </home/dario/.texlive2019/texmf-var/fonts/pk/ljfour/jknappen/ec/ecrm100
0.600pk> </home/dario/.texlive2019/texmf-var/fonts/pk/ljfour/jknappen/ec/ecrm12
00.600pk> </home/dario/.texlive2019/texmf-var/fonts/pk/ljfour/jknappen/ec/ecrm1
728.600pk></usr/share/texlive/texmf-dist/fonts/type1/public/amsfonts/cm/cmex10.
pfb></usr/share/texlive/texmf-dist/fonts/type1/public/amsfonts/cm/cmmi10.pfb></
usr/share/texlive/texmf-dist/fonts/type1/public/amsfonts/cm/cmmi5.pfb></usr/sha
re/texlive/texmf-dist/fonts/type1/public/amsfonts/cm/cmmi7.pfb></usr/share/texl
ive/texmf-dist/fonts/type1/public/amsfonts/cm/cmmi8.pfb></usr/share/texlive/tex
mf-dist/fonts/type1/public/amsfonts/cm/cmr10.pfb></usr/share/texlive/texmf-dist
/fonts/type1/public/amsfonts/cm/cmr5.pfb></usr/share/texlive/texmf-dist/fonts/t
ype1/public/amsfonts/cm/cmr7.pfb></usr/share/texlive/texmf-dist/fonts/type1/pub
lic/amsfonts/cm/cmr8.pfb></usr/share/texlive/texmf-dist/fonts/type1/public/amsf
onts/cm/cmsy10.pfb></usr/share/texlive/texmf-dist/fonts/type1/public/amsfonts/c
m/cmsy7.pfb>
Output written on SQDreport.pdf (23 pages, 3381997 bytes).
PDF statistics:
 1394 PDF objects out of 1440 (max. 8388607)
 960 compressed objects within 10 object streams
 91 named destinations out of 1000 (max. 500000)
 250 words of extra memory for PDF output out of 10000 (max. 10000000)

